Step: build-step-credential-initializer:

{"level":"warn","ts":1551935036.764325,"logger":"fallback-logger","caller":"logging/config.go:65","msg":"Fetch GitHub commit ID from kodata failed: \"ref: refs/heads/test\" is not a valid GitHub commit ID"}
{"level":"info","ts":1551935036.764635,"logger":"fallback-logger","caller":"creds-init/main.go:40","msg":"Credentials initialized."}
Step: build-step-git-source-0:

{"level":"warn","ts":1551935037.506067,"logger":"fallback-logger","caller":"logging/config.go:65","msg":"Fetch GitHub commit ID from kodata failed: \"ref: refs/heads/test\" is not a valid GitHub commit ID"}
{"level":"info","ts":1551935038.603974,"logger":"fallback-logger","caller":"git-init/main.go:92","msg":"Successfully cloned \"https://github.com/xieweicarl2018/istio-golang81.git\" @ \"0b34103a2f3531c7fcc9da774fbb5c785a8dde0a\" in path \"/workspace\""}
Step: build-step-jenkins:

Picked up _JAVA_OPTIONS: -Xmx400m
Started
Running in Durability level: PERFORMANCE_OPTIMIZED
  18.118 [id=31]	WARNING	i.f.k.c.i.VersionUsageUtils#alert: The client is using resource type 'customresourcedefinitions' with unstable version 'v1beta1'
[Pipeline] node
Running on Jenkins in /tmp/jenkinsTests.tmp/jenkins2123486831460799064test/workspace/job
[Pipeline] {
[Pipeline] stage
[Pipeline] { (Declarative: Checkout SCM)
[Pipeline] checkout
[Pipeline] }
[Pipeline] // stage
[Pipeline] withCredentials
[Pipeline] {
[Pipeline] withEnv
[Pipeline] {
[Pipeline] stage
[Pipeline] { (CI Build and push snapshot)
[Pipeline] withEnv
[Pipeline] {
[Pipeline] dir
Running in /home/jenkins/go/src/github.com/xieweicarl2018/istio-golang81
[Pipeline] {
[Pipeline] checkout
[Pipeline] sh
+ make linux
CGO_ENABLED=0 GOOS=linux GOARCH=amd64 GO15VENDOREXPERIMENT=1 go build -ldflags '' -o bin/istio-golang81 main.go
[Pipeline] sh
+ export VERSION=0.0.0-SNAPSHOT-PR-3-1
+ skaffold build -f skaffold.yaml
time="2019-03-07T05:04:38Z" level=warning msg="config version (skaffold/v1beta2) out of date: upgrading to latest (skaffold/v1beta3)"
Starting build...
Building [changeme]...
Sending build context to Docker daemon  525.8kBSending build context to Docker daemon  6.502MB
Step 1/4 : FROM scratch
 ---> 
Step 2/4 : EXPOSE 8080
 ---> Using cache
 ---> 4d5f99371041
Step 3/4 : ENTRYPOINT /istio-golang81
 ---> Using cache
 ---> 88db8b783c68
Step 4/4 : COPY ./bin/ /
 ---> Using cache
 ---> d685a1d767b6
Successfully built d685a1d767b6
The push refers to a repository [353780514906.dkr.ecr.us-west-2.amazonaws.com/xieweicarl2018/istio-golang81]
b4f15150e8b8: Preparing
b4f15150e8b8: Layer already exists
0.0.0-SNAPSHOT-PR-3-1: digest: sha256:ef5cca6f203ca5e09f09e4efdd92388fbf993ef297b1ffb17301f7aa7c585ec9 size: 528
Build complete in 3.830332508s
Starting test...
Test complete in 5.95µs
changeme -> 353780514906.dkr.ecr.us-west-2.amazonaws.com/xieweicarl2018/istio-golang81:0.0.0-SNAPSHOT-PR-3-1
There is a new version (0.24.0) of skaffold available. Download it at https://storage.googleapis.com/skaffold/releases/latest/skaffold-linux-amd64

[Pipeline] sh
+ jx step post build --image 353780514906.dkr.ecr.us-west-2.amazonaws.com/xieweicarl2018/istio-golang81:0.0.0-SNAPSHOT-PR-3-1
[Pipeline] }
[Pipeline] // dir
[Pipeline] dir
Running in /home/jenkins/go/src/github.com/xieweicarl2018/istio-golang81/charts/preview
[Pipeline] {
[Pipeline] sh
+ make preview
sed -i -e "s/version:.*/version: 0.0.0-SNAPSHOT-PR-3-1/" Chart.yaml
sed -i -e "s/version:.*/version: 0.0.0-SNAPSHOT-PR-3-1/" ../*/Chart.yaml
sed -i -e "s|repository:.*|repository: 353780514906.dkr.ecr.us-west-2.amazonaws.com\/xieweicarl2018\/istio-golang81|" values.yaml
sed -i -e "s/tag:.*/tag: 0.0.0-SNAPSHOT-PR-3-1/" values.yaml
echo "  version: 0.0.0-SNAPSHOT-PR-3-1" >> requirements.yaml
jx step helm build
No $CHART_REPOSITORY defined so using the default value of: http://jenkins-x-chartmuseum:8080
Adding missing Helm repo: jenkins-x http://chartmuseum.jenkins-x.io
Successfully added Helm repository jenkins-x.
Adding missing Helm repo: releases http://jenkins-x-chartmuseum:8080
Successfully added Helm repository releases.
[Pipeline] sh
+ jx preview --app istio-golang81 --dir ../..
Creating a preview
No author for commit: 0b34103a2f3531c7fcc9da774fbb5c785a8dde0a
Created environment xieweicarl2018-istio-golang81-pr-3
Namespace jx-xieweicarl2018-istio-golang81-pr-3 created 
 expose:
  Annotations:
    helm.sh/hook: post-install,post-upgrade
    helm.sh/hook-delete-policy: hook-succeeded
  config:
    domain: jenkinsx-istio.wedevops.io
    exposer: Ingress
    http: "true"
preview:
  image:
    repository: 353780514906.dkr.ecr.us-west-2.amazonaws.com/xieweicarl2018/istio-golang81
    tag: 0.0.0-SNAPSHOT-PR-3-1
Failed to update PipelineActivities xieweicarl2018-istio-golang81-pr-3-1: the namespace of the object (jx-xieweicarl2018-istio-golang81-pr-3) does not match the namespace on the request (jx)
Preview application is now available at: http://istio-golang81.jx-xieweicarl2018-istio-golang81-pr-3.jenkinsx-istio.wedevops.io

[Pipeline] }
[Pipeline] // dir
[Pipeline] }
[Pipeline] // withEnv
[Pipeline] }
[Pipeline] // stage
[Pipeline] stage
[Pipeline] { (Build Release)
Stage "Build Release" skipped due to when conditional
[Pipeline] }
[Pipeline] // stage
[Pipeline] stage
[Pipeline] { (Promote to Environments)
Stage "Promote to Environments" skipped due to when conditional
[Pipeline] }
[Pipeline] // stage
[Pipeline] }
[Pipeline] // withEnv
[Pipeline] }
[Pipeline] // withCredentials
[Pipeline] }
[Pipeline] // node
[Pipeline] End of Pipeline
