Step: build-step-credential-initializer:

{"level":"warn","ts":1551935135.932303,"logger":"fallback-logger","caller":"logging/config.go:65","msg":"Fetch GitHub commit ID from kodata failed: \"ref: refs/heads/test\" is not a valid GitHub commit ID"}
{"level":"info","ts":1551935135.9330866,"logger":"fallback-logger","caller":"creds-init/main.go:40","msg":"Credentials initialized."}
Step: build-step-git-source-0:

{"level":"warn","ts":1551935136.8764186,"logger":"fallback-logger","caller":"logging/config.go:65","msg":"Fetch GitHub commit ID from kodata failed: \"ref: refs/heads/test\" is not a valid GitHub commit ID"}
{"level":"info","ts":1551935137.9639952,"logger":"fallback-logger","caller":"git-init/main.go:92","msg":"Successfully cloned \"https://github.com/xieweicarl2018/istio-golang81.git\" @ \"ea828bfbc9d39a4b0a431139130d1cb8f1402b96\" in path \"/workspace\""}
Step: build-step-jenkins:

Picked up _JAVA_OPTIONS: -Xmx400m
Started
Running in Durability level: PERFORMANCE_OPTIMIZED
  18.551 [id=30]	WARNING	i.f.k.c.i.VersionUsageUtils#alert: The client is using resource type 'customresourcedefinitions' with unstable version 'v1beta1'
[Pipeline] node
Running on Jenkins in /tmp/jenkinsTests.tmp/jenkins5890309188116766625test/workspace/job
[Pipeline] {
[Pipeline] stage
[Pipeline] { (Declarative: Checkout SCM)
[Pipeline] checkout
[Pipeline] }
[Pipeline] // stage
[Pipeline] withCredentials
[Pipeline] {
[Pipeline] withEnv
[Pipeline] {
[Pipeline] stage
[Pipeline] { (CI Build and push snapshot)
Stage "CI Build and push snapshot" skipped due to when conditional
[Pipeline] }
[Pipeline] // stage
[Pipeline] stage
[Pipeline] { (Build Release)
[Pipeline] dir
Running in /home/jenkins/go/src/github.com/xieweicarl2018/istio-golang81
[Pipeline] {
[Pipeline] git
Cloning the remote Git repository
Cloning repository https://github.com/xieweicarl2018/istio-golang81.git
 > git init /home/jenkins/go/src/github.com/xieweicarl2018/istio-golang81 # timeout=10
Fetching upstream changes from https://github.com/xieweicarl2018/istio-golang81.git
 > git --version # timeout=10
 > git fetch --tags --progress https://github.com/xieweicarl2018/istio-golang81.git +refs/heads/*:refs/remotes/origin/*
 > git config remote.origin.url https://github.com/xieweicarl2018/istio-golang81.git # timeout=10
 > git config --add remote.origin.fetch +refs/heads/*:refs/remotes/origin/* # timeout=10
 > git config remote.origin.url https://github.com/xieweicarl2018/istio-golang81.git # timeout=10
Fetching upstream changes from https://github.com/xieweicarl2018/istio-golang81.git
 > git fetch --tags --progress https://github.com/xieweicarl2018/istio-golang81.git +refs/heads/*:refs/remotes/origin/*
 > git rev-parse refs/remotes/origin/master^{commit} # timeout=10
 > git rev-parse refs/remotes/origin/origin/master^{commit} # timeout=10
Checking out Revision ea828bfbc9d39a4b0a431139130d1cb8f1402b96 (refs/remotes/origin/master)
 > git config core.sparsecheckout # timeout=10
 > git checkout -f ea828bfbc9d39a4b0a431139130d1cb8f1402b96
 > git branch -a -v --no-abbrev # timeout=10
 > git checkout -b master ea828bfbc9d39a4b0a431139130d1cb8f1402b96
Commit message: "Merge pull request #3 from xieweicarl2018/wip"
First time build. Skipping changelog.
[Pipeline] sh
+ jx-release-version
+ echo 0.0.4
[Pipeline] sh
+ cat VERSION
+ jx step tag --version 0.0.4
Tag v0.0.4 created and pushed to remote origin
[Pipeline] sh
+ make build
CGO_ENABLED=0 GO15VENDOREXPERIMENT=1 go build -ldflags '' -o bin/istio-golang81 main.go
[Pipeline] sh
+ cat VERSION
+ export VERSION=0.0.4
+ skaffold build -f skaffold.yaml
time="2019-03-07T05:08:24Z" level=warning msg="config version (skaffold/v1beta2) out of date: upgrading to latest (skaffold/v1beta3)"
Starting build...
Building [changeme]...
Sending build context to Docker daemon  525.8kBSending build context to Docker daemon  6.502MB
Step 1/4 : FROM scratch
 ---> 
Step 2/4 : EXPOSE 8080
 ---> Running in a9d2d9ea90af
 ---> 986e72270a4e
Step 3/4 : ENTRYPOINT /istio-golang81
 ---> Running in 035059e79336
 ---> 856336fabe74
Step 4/4 : COPY ./bin/ /
 ---> 48c5d990585d
Successfully built 48c5d990585d
The push refers to a repository [353780514906.dkr.ecr.us-west-2.amazonaws.com/xieweicarl2018/istio-golang81]
b84ba3c5706e: Preparing
b84ba3c5706e: Pushed
0.0.4: digest: sha256:3b585c0b232dffa4cf2dcf0622113817653844a9f0a5d5381b4499522735f3e5 size: 528
Build complete in 1m6.349270321s
Starting test...
Test complete in 6.005µs
changeme -> 353780514906.dkr.ecr.us-west-2.amazonaws.com/xieweicarl2018/istio-golang81:0.0.4
There is a new version (0.24.0) of skaffold available. Download it at https://storage.googleapis.com/skaffold/releases/latest/skaffold-linux-amd64

[Pipeline] sh
+ cat VERSION
+ jx step post build --image 353780514906.dkr.ecr.us-west-2.amazonaws.com/xieweicarl2018/istio-golang81:0.0.4
[Pipeline] }
[Pipeline] // dir
[Pipeline] }
[Pipeline] // stage
[Pipeline] stage
[Pipeline] { (Promote to Environments)
[Pipeline] dir
Running in /home/jenkins/go/src/github.com/xieweicarl2018/istio-golang81/charts/istio-golang81
[Pipeline] {
[Pipeline] sh
+ cat ../../VERSION
+ jx step changelog --version v0.0.4
Using batch mode as inside a pipeline
Generating change log from git ref ea828bfbc9d39a4b0a431139130d1cb8f1402b96 => e488f9615988b855f64b5189a689e4104485bb4e
Failed to enrich commits with issues: User.jenkins.io "" is invalid: metadata.name: Required value: name or generateName is required
Failed to enrich commits with issues: User.jenkins.io "" is invalid: metadata.name: Required value: name or generateName is required
Finding issues in commit messages using git format
No release found for xieweicarl2018/istio-golang81 and tag v0.0.4 so creating a new release
Updated the release information at https://github.com/xieweicarl2018/istio-golang81/releases/tag/v0.0.4
generated: /home/jenkins/go/src/github.com/xieweicarl2018/istio-golang81/charts/istio-golang81/templates/release.yaml
Created Release istio-golang81-0-0-4 resource in namespace jx
Updating PipelineActivity xieweicarl2018-istio-golang81-master-4 with version 0.0.4
Updated PipelineActivities xieweicarl2018-istio-golang81-master-4 with release notes URL: https://github.com/xieweicarl2018/istio-golang81/releases/tag/v0.0.4
[Pipeline] sh
+ jx step helm release
No $CHART_REPOSITORY defined so using the default value of: http://jenkins-x-chartmuseum:8080
Adding missing Helm repo: jenkins-x http://chartmuseum.jenkins-x.io
Successfully added Helm repository jenkins-x.
Adding missing Helm repo: releases http://jenkins-x-chartmuseum:8080
Successfully added Helm repository releases.
No $CHART_REPOSITORY defined so using the default value of: http://jenkins-x-chartmuseum:8080
Uploading chart file istio-golang81-0.0.4.tgz to http://jenkins-x-chartmuseum:8080/api/charts
Received 201 response: {"saved":true}
[Pipeline] sh
+ cat ../../VERSION
+ jx promote -b --all-auto --timeout 1h --version 0.0.4
prow based install so skip waiting for the merge of Pull Requests to go green as currently there is an issue with gettingstatuses from the PR, see https://github.com/jenkins-x/jx/issues/2410
Promoting app istio-golang81 version 0.0.4 to namespace jx-staging
Created Pull Request: https://github.com/q13117god/environment-mindprickle-staging/pull/6

Pull Request https://github.com/q13117god/environment-mindprickle-staging/pull/6 is merged at sha 61cb8448befbccb2a9284513050f2addd6cc5752
Pull Request merged but we are not waiting for the update pipeline to complete!
[Pipeline] }
[Pipeline] // dir
[Pipeline] }
[Pipeline] // stage
[Pipeline] }
[Pipeline] // withEnv
[Pipeline] }
[Pipeline] // withCredentials
[Pipeline] }
[Pipeline] // node
[Pipeline] End of Pipeline
Finished: SUCCESS
