Step: build-step-credential-initializer:

{"level":"warn","ts":1551834765.2973685,"logger":"fallback-logger","caller":"logging/config.go:65","msg":"Fetch GitHub commit ID from kodata failed: \"ref: refs/heads/test\" is not a valid GitHub commit ID"}
{"level":"info","ts":1551834765.2985625,"logger":"fallback-logger","caller":"creds-init/main.go:40","msg":"Credentials initialized."}
Step: build-step-git-source-0:

{"level":"warn","ts":1551834766.1807034,"logger":"fallback-logger","caller":"logging/config.go:65","msg":"Fetch GitHub commit ID from kodata failed: \"ref: refs/heads/test\" is not a valid GitHub commit ID"}
{"level":"info","ts":1551834767.2737706,"logger":"fallback-logger","caller":"git-init/main.go:92","msg":"Successfully cloned \"https://github.com/xieweicarl2018/istio-golang80.git\" @ \"941c7d61a2cb3ef671adb3ed5b78977f431bd2f2\" in path \"/workspace\""}
Step: build-step-jenkins:

Picked up _JAVA_OPTIONS: -Xmx400m
Started
Running in Durability level: PERFORMANCE_OPTIMIZED
  17.990 [id=34]	WARNING	i.f.k.c.i.VersionUsageUtils#alert: The client is using resource type 'customresourcedefinitions' with unstable version 'v1beta1'
[Pipeline] node
Running on Jenkins in /tmp/jenkinsTests.tmp/jenkins7342738853591203916test/workspace/job
[Pipeline] {
[Pipeline] stage
[Pipeline] { (Declarative: Checkout SCM)
[Pipeline] checkout
[Pipeline] }
[Pipeline] // stage
[Pipeline] withCredentials
[Pipeline] {
[Pipeline] withEnv
[Pipeline] {
[Pipeline] stage
[Pipeline] { (CI Build and push snapshot)
Stage "CI Build and push snapshot" skipped due to when conditional
[Pipeline] }
[Pipeline] // stage
[Pipeline] stage
[Pipeline] { (Build Release)
[Pipeline] dir
Running in /home/jenkins/go/src/github.com/xieweicarl2018/istio-golang80
[Pipeline] {
[Pipeline] git
Cloning the remote Git repository
Cloning repository https://github.com/xieweicarl2018/istio-golang80.git
 > git init /home/jenkins/go/src/github.com/xieweicarl2018/istio-golang80 # timeout=10
Fetching upstream changes from https://github.com/xieweicarl2018/istio-golang80.git
 > git --version # timeout=10
 > git fetch --tags --progress https://github.com/xieweicarl2018/istio-golang80.git +refs/heads/*:refs/remotes/origin/*
 > git config remote.origin.url https://github.com/xieweicarl2018/istio-golang80.git # timeout=10
 > git config --add remote.origin.fetch +refs/heads/*:refs/remotes/origin/* # timeout=10
 > git config remote.origin.url https://github.com/xieweicarl2018/istio-golang80.git # timeout=10
Fetching upstream changes from https://github.com/xieweicarl2018/istio-golang80.git
 > git fetch --tags --progress https://github.com/xieweicarl2018/istio-golang80.git +refs/heads/*:refs/remotes/origin/*
 > git rev-parse refs/remotes/origin/master^{commit} # timeout=10
 > git rev-parse refs/remotes/origin/origin/master^{commit} # timeout=10
Checking out Revision 941c7d61a2cb3ef671adb3ed5b78977f431bd2f2 (refs/remotes/origin/master)
 > git config core.sparsecheckout # timeout=10
 > git checkout -f 941c7d61a2cb3ef671adb3ed5b78977f431bd2f2
 > git branch -a -v --no-abbrev # timeout=10
 > git checkout -b master 941c7d61a2cb3ef671adb3ed5b78977f431bd2f2
Commit message: "Merge pull request #1 from xieweicarl2018/wip"
First time build. Skipping changelog.
[Pipeline] sh
+ jx-release-version
+ echo 0.0.2
[Pipeline] sh
+ cat VERSION
+ jx step tag --version 0.0.2
Tag v0.0.2 created and pushed to remote origin
[Pipeline] sh
+ make build
CGO_ENABLED=0 GO15VENDOREXPERIMENT=1 go build -ldflags '' -o bin/istio-golang80 main.go
[Pipeline] sh
+ cat VERSION
+ export VERSION=0.0.2
+ skaffold build -f skaffold.yaml
time="2019-03-06T01:13:34Z" level=warning msg="config version (skaffold/v1beta2) out of date: upgrading to latest (skaffold/v1beta3)"
Starting build...
Building [changeme]...
Sending build context to Docker daemon  525.8kBSending build context to Docker daemon  6.502MB
Step 1/4 : FROM scratch
 ---> 
Step 2/4 : EXPOSE 8080
 ---> Using cache
 ---> ff04ad137d88
Step 3/4 : ENTRYPOINT /istio-golang80
 ---> Using cache
 ---> 4e2fc7f695d2
Step 4/4 : COPY ./bin/ /
 ---> Using cache
 ---> 28e6cb25e2d6
Successfully built 28e6cb25e2d6
The push refers to a repository [353780514906.dkr.ecr.us-west-2.amazonaws.com/xieweicarl2018/istio-golang80]
0b1eb2fed359: Preparing
0b1eb2fed359: Layer already exists
0.0.2: digest: sha256:11d041465772d543db56b2470636c4c96154d96e29aee851ba6629b11c93cddb size: 528
Build complete in 3.793026241s
Starting test...
Test complete in 3.778µs
changeme -> 353780514906.dkr.ecr.us-west-2.amazonaws.com/xieweicarl2018/istio-golang80:0.0.2
There is a new version (0.24.0) of skaffold available. Download it at https://storage.googleapis.com/skaffold/releases/latest/skaffold-linux-amd64

[Pipeline] sh
+ cat VERSION
+ jx step post build --image 353780514906.dkr.ecr.us-west-2.amazonaws.com/xieweicarl2018/istio-golang80:0.0.2
[Pipeline] }
[Pipeline] // dir
[Pipeline] }
[Pipeline] // stage
[Pipeline] stage
[Pipeline] { (Promote to Environments)
[Pipeline] dir
Running in /home/jenkins/go/src/github.com/xieweicarl2018/istio-golang80/charts/istio-golang80
[Pipeline] {
[Pipeline] sh
+ cat ../../VERSION
+ jx step changelog --version v0.0.2
Using batch mode as inside a pipeline
Generating change log from git ref 941c7d61a2cb3ef671adb3ed5b78977f431bd2f2 => 291bd6ca31f0807a74ab2fb9344d510b60c3a929
Failed to enrich commits with issues: User.jenkins.io "" is invalid: metadata.name: Required value: name or generateName is required
Failed to enrich commits with issues: User.jenkins.io "" is invalid: metadata.name: Required value: name or generateName is required
Finding issues in commit messages using git format
No release found for xieweicarl2018/istio-golang80 and tag v0.0.2 so creating a new release
Updated the release information at https://github.com/xieweicarl2018/istio-golang80/releases/tag/v0.0.2
generated: /home/jenkins/go/src/github.com/xieweicarl2018/istio-golang80/charts/istio-golang80/templates/release.yaml
Created Release istio-golang80-0-0-2 resource in namespace jx
Updating PipelineActivity xieweicarl2018-istio-golang80-master-2 with version 0.0.2
Updated PipelineActivities xieweicarl2018-istio-golang80-master-2 with release notes URL: https://github.com/xieweicarl2018/istio-golang80/releases/tag/v0.0.2
[Pipeline] sh
+ jx step helm release
No $CHART_REPOSITORY defined so using the default value of: http://jenkins-x-chartmuseum:8080
Adding missing Helm repo: jenkins-x http://chartmuseum.jenkins-x.io
Successfully added Helm repository jenkins-x.
Adding missing Helm repo: releases http://jenkins-x-chartmuseum:8080
Successfully added Helm repository releases.
No $CHART_REPOSITORY defined so using the default value of: http://jenkins-x-chartmuseum:8080
Uploading chart file istio-golang80-0.0.2.tgz to http://jenkins-x-chartmuseum:8080/api/charts
Received 201 response: {"saved":true}
[Pipeline] sh
+ cat ../../VERSION
+ jx promote -b --all-auto --timeout 1h --version 0.0.2
prow based install so skip waiting for the merge of Pull Requests to go green as currently there is an issue with gettingstatuses from the PR, see https://github.com/jenkins-x/jx/issues/2410
Promoting app istio-golang80 version 0.0.2 to namespace jx-staging
Created Pull Request: https://github.com/q13117god/environment-mindprickle-staging/pull/2

Pull Request https://github.com/q13117god/environment-mindprickle-staging/pull/2 is merged at sha d3ddd2f16e784bea5f3cfdeed34c9eb10efe7114
Pull Request merged but we are not waiting for the update pipeline to complete!
[Pipeline] }
[Pipeline] // dir
[Pipeline] }
[Pipeline] // stage
[Pipeline] }
[Pipeline] // withEnv
[Pipeline] }
[Pipeline] // withCredentials
[Pipeline] }
[Pipeline] // node
[Pipeline] End of Pipeline
Finished: SUCCESS
