Step: build-step-credential-initializer:

{"level":"warn","ts":1552953030.6017032,"logger":"fallback-logger","caller":"logging/config.go:65","msg":"Fetch GitHub commit ID from kodata failed: \"ref: refs/heads/test\" is not a valid GitHub commit ID"}
{"level":"info","ts":1552953030.60224,"logger":"fallback-logger","caller":"creds-init/main.go:40","msg":"Credentials initialized."}
Step: build-step-git-source-0:

{"level":"warn","ts":1552953031.5213778,"logger":"fallback-logger","caller":"logging/config.go:65","msg":"Fetch GitHub commit ID from kodata failed: \"ref: refs/heads/test\" is not a valid GitHub commit ID"}
{"level":"info","ts":1552953032.2493367,"logger":"fallback-logger","caller":"git-init/main.go:92","msg":"Successfully cloned \"https://github.com/xieweicarl2018/istio-golang80.git\" @ \"dc072d1188017d0a653b5cae492d47ae707e65da\" in path \"/workspace\""}
Step: build-step-jenkins:

Picked up _JAVA_OPTIONS: -Xmx400m
Started
Running in Durability level: PERFORMANCE_OPTIMIZED
  23.467 [id=34]	WARNING	i.f.k.c.i.VersionUsageUtils#alert: The client is using resource type 'customresourcedefinitions' with unstable version 'v1beta1'
[Pipeline] node
Running on Jenkins in /tmp/jenkinsTests.tmp/jenkins6761016981169014735test/workspace/job
[Pipeline] {
[Pipeline] stage
[Pipeline] { (Declarative: Checkout SCM)
[Pipeline] checkout
[Pipeline] }
[Pipeline] // stage
[Pipeline] withCredentials
[Pipeline] {
[Pipeline] withEnv
[Pipeline] {
[Pipeline] stage
[Pipeline] { (CI Build and push snapshot)
Stage "CI Build and push snapshot" skipped due to when conditional
[Pipeline] }
[Pipeline] // stage
[Pipeline] stage
[Pipeline] { (Build Release)
[Pipeline] dir
Running in /home/jenkins/go/src/github.com/xieweicarl2018/istio-golang80
[Pipeline] {
[Pipeline] git
Cloning the remote Git repository
Cloning repository https://github.com/xieweicarl2018/istio-golang80.git
 > git init /home/jenkins/go/src/github.com/xieweicarl2018/istio-golang80 # timeout=10
Fetching upstream changes from https://github.com/xieweicarl2018/istio-golang80.git
 > git --version # timeout=10
 > git fetch --tags --progress https://github.com/xieweicarl2018/istio-golang80.git +refs/heads/*:refs/remotes/origin/*
 > git config remote.origin.url https://github.com/xieweicarl2018/istio-golang80.git # timeout=10
 > git config --add remote.origin.fetch +refs/heads/*:refs/remotes/origin/* # timeout=10
 > git config remote.origin.url https://github.com/xieweicarl2018/istio-golang80.git # timeout=10
Fetching upstream changes from https://github.com/xieweicarl2018/istio-golang80.git
 > git fetch --tags --progress https://github.com/xieweicarl2018/istio-golang80.git +refs/heads/*:refs/remotes/origin/*
 > git rev-parse refs/remotes/origin/master^{commit} # timeout=10
 > git rev-parse refs/remotes/origin/origin/master^{commit} # timeout=10
Checking out Revision dc072d1188017d0a653b5cae492d47ae707e65da (refs/remotes/origin/master)
 > git config core.sparsecheckout # timeout=10
 > git checkout -f dc072d1188017d0a653b5cae492d47ae707e65da
 > git branch -a -v --no-abbrev # timeout=10
 > git checkout -b master dc072d1188017d0a653b5cae492d47ae707e65da
Commit message: "Merge pull request #2 from xieweicarl2018/wip"
First time build. Skipping changelog.
[Pipeline] sh
+ jx-release-version
+ echo 0.0.3
[Pipeline] sh
+ cat VERSION
+ jx step tag --version 0.0.3
Tag v0.0.3 created and pushed to remote origin
[Pipeline] sh
+ make build
CGO_ENABLED=0 GO15VENDOREXPERIMENT=1 go build -ldflags '' -o bin/istio-golang80 main.go
[Pipeline] sh
+ cat VERSION
+ export VERSION=0.0.3
+ skaffold build -f skaffold.yaml
time="2019-03-18T23:51:33Z" level=warning msg="config version (skaffold/v1beta2) out of date: upgrading to latest (skaffold/v1beta3)"
Starting build...
Building [changeme]...
Sending build context to Docker daemon  525.8kBSending build context to Docker daemon  6.096MBSending build context to Docker daemon  6.502MB
Step 1/4 : FROM scratch
 ---> 
Step 2/4 : EXPOSE 8080
 ---> Using cache
 ---> af677929fe8e
Step 3/4 : ENTRYPOINT /istio-golang80
 ---> Using cache
 ---> f885a6c57be1
Step 4/4 : COPY ./bin/ /
 ---> Using cache
 ---> 39572dab11ea
Successfully built 39572dab11ea
The push refers to a repository [353780514906.dkr.ecr.us-west-2.amazonaws.com/xieweicarl2018/istio-golang80]
0ad1e75549a4: Preparing
0ad1e75549a4: Layer already exists
0.0.3: digest: sha256:016f55b63261fa0ac1a2a6617d2a12cdec6189c59675c2ca0ae3c19bc55907ea size: 528
Build complete in 3.913241815s
Starting test...
Test complete in 6.187µs
changeme -> 353780514906.dkr.ecr.us-west-2.amazonaws.com/xieweicarl2018/istio-golang80:0.0.3
There is a new version (0.25.0) of skaffold available. Download it at https://storage.googleapis.com/skaffold/releases/latest/skaffold-linux-amd64

[Pipeline] sh
+ cat VERSION
+ jx step post build --image 353780514906.dkr.ecr.us-west-2.amazonaws.com/xieweicarl2018/istio-golang80:0.0.3
[Pipeline] }
[Pipeline] // dir
[Pipeline] }
[Pipeline] // stage
[Pipeline] stage
[Pipeline] { (Promote to Environments)
[Pipeline] dir
Running in /home/jenkins/go/src/github.com/xieweicarl2018/istio-golang80/charts/istio-golang80
[Pipeline] {
[Pipeline] sh
+ cat ../../VERSION
+ jx step changelog --version v0.0.3
Using batch mode as inside a pipeline
Generating change log from git ref dc072d1188017d0a653b5cae492d47ae707e65da => a0e0f38da23309d6e560d091d3ae421222b89849
Failed to enrich commits with issues: User.jenkins.io "" is invalid: metadata.name: Required value: name or generateName is required
Failed to enrich commits with issues: User.jenkins.io "" is invalid: metadata.name: Required value: name or generateName is required
Finding issues in commit messages using git format
No release found for xieweicarl2018/istio-golang80 and tag v0.0.3 so creating a new release
Updated the release information at https://github.com/xieweicarl2018/istio-golang80/releases/tag/v0.0.3
generated: /home/jenkins/go/src/github.com/xieweicarl2018/istio-golang80/charts/istio-golang80/templates/release.yaml
Created Release istio-golang80-0-0-3 resource in namespace jx
Updating PipelineActivity xieweicarl2018-istio-golang80-master-3 with version 0.0.3
Updated PipelineActivities xieweicarl2018-istio-golang80-master-3 with release notes URL: https://github.com/xieweicarl2018/istio-golang80/releases/tag/v0.0.3
[Pipeline] sh
+ jx step helm release
No $CHART_REPOSITORY defined so using the default value of: http://jenkins-x-chartmuseum:8080
Adding missing Helm repo: jenkins-x http://chartmuseum.jenkins-x.io
Successfully added Helm repository jenkins-x.
Adding missing Helm repo: releases http://jenkins-x-chartmuseum:8080
Successfully added Helm repository releases.
No $CHART_REPOSITORY defined so using the default value of: http://jenkins-x-chartmuseum:8080
Uploading chart file istio-golang80-0.0.3.tgz to http://jenkins-x-chartmuseum:8080/api/charts
Received 201 response: {"saved":true}
[Pipeline] sh
+ cat ../../VERSION
+ jx promote -b --all-auto --timeout 1h --version 0.0.3
prow based install so skip waiting for the merge of Pull Requests to go green as currently there is an issue with gettingstatuses from the PR, see https://github.com/jenkins-x/jx/issues/2410
Promoting app istio-golang80 version 0.0.3 to namespace jx-staging
Created Pull Request: https://github.com/q13117god/environment-mindprickle-staging/pull/9

Pull Request https://github.com/q13117god/environment-mindprickle-staging/pull/9 is merged at sha 6e91c65648fb800f71b586c48089f07506c9542e
Pull Request merged but we are not waiting for the update pipeline to complete!
[Pipeline] }
[Pipeline] // dir
[Pipeline] }
[Pipeline] // stage
[Pipeline] }
[Pipeline] // withEnv
[Pipeline] }
[Pipeline] // withCredentials
[Pipeline] }
[Pipeline] // node
[Pipeline] End of Pipeline
Finished: SUCCESS
