Step: build-step-credential-initializer:

{"level":"warn","ts":1551834500.519695,"logger":"fallback-logger","caller":"logging/config.go:65","msg":"Fetch GitHub commit ID from kodata failed: \"ref: refs/heads/test\" is not a valid GitHub commit ID"}
{"level":"info","ts":1551834500.520008,"logger":"fallback-logger","caller":"creds-init/main.go:40","msg":"Credentials initialized."}
Step: build-step-git-source-0:

{"level":"warn","ts":1551834502.8038793,"logger":"fallback-logger","caller":"logging/config.go:65","msg":"Fetch GitHub commit ID from kodata failed: \"ref: refs/heads/test\" is not a valid GitHub commit ID"}
{"level":"info","ts":1551834503.8927245,"logger":"fallback-logger","caller":"git-init/main.go:92","msg":"Successfully cloned \"https://github.com/xieweicarl2018/istio-golang80.git\" @ \"2247a9c70a8dfa99dd8dd27f71d37ecbf6bbfce6\" in path \"/workspace\""}
Step: build-step-jenkins:

Picked up _JAVA_OPTIONS: -Xmx400m
Started
Running in Durability level: PERFORMANCE_OPTIMIZED
  18.273 [id=29]	WARNING	i.f.k.c.i.VersionUsageUtils#alert: The client is using resource type 'customresourcedefinitions' with unstable version 'v1beta1'
[Pipeline] node
Running on Jenkins in /tmp/jenkinsTests.tmp/jenkins4888085898572960512test/workspace/job
[Pipeline] {
[Pipeline] stage
[Pipeline] { (Declarative: Checkout SCM)
[Pipeline] checkout
[Pipeline] }
[Pipeline] // stage
[Pipeline] withCredentials
[Pipeline] {
[Pipeline] withEnv
[Pipeline] {
[Pipeline] stage
[Pipeline] { (CI Build and push snapshot)
[Pipeline] withEnv
[Pipeline] {
[Pipeline] dir
Running in /home/jenkins/go/src/github.com/xieweicarl2018/istio-golang80
[Pipeline] {
[Pipeline] checkout
[Pipeline] sh
+ make linux
CGO_ENABLED=0 GOOS=linux GOARCH=amd64 GO15VENDOREXPERIMENT=1 go build -ldflags '' -o bin/istio-golang80 main.go
[Pipeline] sh
+ export VERSION=0.0.0-SNAPSHOT-PR-1-1
+ skaffold build -f skaffold.yaml
time="2019-03-06T01:11:04Z" level=warning msg="config version (skaffold/v1beta2) out of date: upgrading to latest (skaffold/v1beta3)"
Starting build...
Building [changeme]...
Sending build context to Docker daemon  525.8kBSending build context to Docker daemon  6.502MB
Step 1/4 : FROM scratch
 ---> 
Step 2/4 : EXPOSE 8080
 ---> Running in 0ccc0132b36a
 ---> ff04ad137d88
Step 3/4 : ENTRYPOINT /istio-golang80
 ---> Running in 8253882a3768
 ---> 4e2fc7f695d2
Step 4/4 : COPY ./bin/ /
 ---> 28e6cb25e2d6
Successfully built 28e6cb25e2d6
The push refers to a repository [353780514906.dkr.ecr.us-west-2.amazonaws.com/xieweicarl2018/istio-golang80]
0b1eb2fed359: Preparing
0b1eb2fed359: Pushed
0.0.0-SNAPSHOT-PR-1-1: digest: sha256:11d041465772d543db56b2470636c4c96154d96e29aee851ba6629b11c93cddb size: 528
Build complete in 10.966083769s
Starting test...
Test complete in 5.447µs
changeme -> 353780514906.dkr.ecr.us-west-2.amazonaws.com/xieweicarl2018/istio-golang80:0.0.0-SNAPSHOT-PR-1-1
There is a new version (0.24.0) of skaffold available. Download it at https://storage.googleapis.com/skaffold/releases/latest/skaffold-linux-amd64

[Pipeline] sh
+ jx step post build --image 353780514906.dkr.ecr.us-west-2.amazonaws.com/xieweicarl2018/istio-golang80:0.0.0-SNAPSHOT-PR-1-1
[Pipeline] }
[Pipeline] // dir
[Pipeline] dir
Running in /home/jenkins/go/src/github.com/xieweicarl2018/istio-golang80/charts/preview
[Pipeline] {
[Pipeline] sh
+ make preview
sed -i -e "s/version:.*/version: 0.0.0-SNAPSHOT-PR-1-1/" Chart.yaml
sed -i -e "s/version:.*/version: 0.0.0-SNAPSHOT-PR-1-1/" ../*/Chart.yaml
sed -i -e "s|repository:.*|repository: 353780514906.dkr.ecr.us-west-2.amazonaws.com\/xieweicarl2018\/istio-golang80|" values.yaml
sed -i -e "s/tag:.*/tag: 0.0.0-SNAPSHOT-PR-1-1/" values.yaml
echo "  version: 0.0.0-SNAPSHOT-PR-1-1" >> requirements.yaml
jx step helm build
No $CHART_REPOSITORY defined so using the default value of: http://jenkins-x-chartmuseum:8080
Adding missing Helm repo: jenkins-x http://chartmuseum.jenkins-x.io
Successfully added Helm repository jenkins-x.
Adding missing Helm repo: releases http://jenkins-x-chartmuseum:8080
Successfully added Helm repository releases.
[Pipeline] sh
+ jx preview --app istio-golang80 --dir ../..
Creating a preview
No author for commit: 2247a9c70a8dfa99dd8dd27f71d37ecbf6bbfce6
Created environment xieweicarl2018-istio-golang80-pr-1
Namespace jx-xieweicarl2018-istio-golang80-pr-1 created 
 expose:
  Annotations:
    helm.sh/hook: post-install,post-upgrade
    helm.sh/hook-delete-policy: hook-succeeded
  config:
    domain: jenkinsx-istio.wedevops.io
    exposer: Ingress
    http: "true"
preview:
  image:
    repository: 353780514906.dkr.ecr.us-west-2.amazonaws.com/xieweicarl2018/istio-golang80
    tag: 0.0.0-SNAPSHOT-PR-1-1
Failed to update PipelineActivities xieweicarl2018-istio-golang80-pr-1-1: the namespace of the object (jx-xieweicarl2018-istio-golang80-pr-1) does not match the namespace on the request (jx)
Preview application is now available at: http://istio-golang80.jx-xieweicarl2018-istio-golang80-pr-1.jenkinsx-istio.wedevops.io

[Pipeline] }
[Pipeline] // dir
[Pipeline] }
[Pipeline] // withEnv
[Pipeline] }
[Pipeline] // stage
[Pipeline] stage
[Pipeline] { (Build Release)
Stage "Build Release" skipped due to when conditional
[Pipeline] }
[Pipeline] // stage
[Pipeline] stage
[Pipeline] { (Promote to Environments)
Stage "Promote to Environments" skipped due to when conditional
[Pipeline] }
[Pipeline] // stage
[Pipeline] }
[Pipeline] // withEnv
[Pipeline] }
[Pipeline] // withCredentials
[Pipeline] }
[Pipeline] // node
[Pipeline] End of Pipeline
Finished: SUCCESS
